[02:28:34] [main/INFO]: Loading Minecraft 1.20.1 with Fabric Loader 0.16.3
[02:28:34] [ForkJoinPool-1-worker-2/WARN]: Mod mr_dungeons_andtaverns uses the version 3.0.3.f which isn't compatible with Loader's extended semantic version format (Could not parse version number component 'f'!), SemVer is recommended for reliably evaluating dependencies and prioritizing newer version
[02:28:37] [main/INFO]: Loading 126 mods:
	- additionalstructures 4.2.2
	- appleskin 2.5.1+mc1.20
	   \-- cloth-config 11.0.99
	        \-- cloth-basic-math 0.6.1
	- betteradvancements 0.3.2.161
	- betterdungeons 1.20-Fabric-4.0.4
	   \-- org_reflections_reflections 0.10.2
	- betterendisland 1.20-Fabric-2.0.6
	- betterfortresses 1.20-Fabric-2.0.6
	- bettermineshafts 1.20-Fabric-4.0.4
	- betterstrongholds 1.20-Fabric-4.0.3
	- colytra 6.2.2+1.20.1
	   \-- spectrelib 0.13.14+1.20.1
	- create 0.5.1-j-build.1631+mc1.20.1
	   |-- com_google_code_findbugs_jsr305 3.0.2
	   |-- flywheel 0.6.11-4
	   |-- forgeconfigapiport 8.0.0
	   |-- milk 1.2.60
	   |    \-- dripstone_fluid_lib 3.0.2
	   |-- porting_lib_accessors 2.3.8+1.20.1
	   |    \-- porting_lib_core 2.3.8+1.20.1
	   |-- porting_lib_base 2.3.8+1.20.1
	   |    |-- com_electronwill_night-config_core 3.6.6
	   |    |-- com_electronwill_night-config_toml 3.6.6
	   |    |-- porting_lib_attributes 2.3.8+1.20.1
	   |    |-- porting_lib_common 2.3.8+1.20.1
	   |    |-- porting_lib_core 2.3.8+1.20.1
	   |    |-- porting_lib_fluids 2.3.8+1.20.1
	   |    |-- porting_lib_gui_utils 2.3.8+1.20.1
	   |    |-- porting_lib_mixin_extensions 2.3.8+1.20.1
	   |    |-- porting_lib_utility 2.3.8+1.20.1
	   |    \-- reach-entity-attributes 2.4.0
	   |-- porting_lib_brewing 2.3.8+1.20.1
	   |    \-- porting_lib_core 2.3.8+1.20.1
	   |-- porting_lib_client_events 2.3.8+1.20.1
	   |    \-- porting_lib_core 2.3.8+1.20.1
	   |-- porting_lib_entity 2.3.8+1.20.1
	   |    |-- porting_lib_core 2.3.8+1.20.1
	   |    \-- porting_lib_mixin_extensions 2.3.8+1.20.1
	   |-- porting_lib_extensions 2.3.8+1.20.1
	   |    |-- porting_lib_attributes 2.3.8+1.20.1
	   |    |-- porting_lib_common 2.3.8+1.20.1
	   |    |-- porting_lib_core 2.3.8+1.20.1
	   |    \-- reach-entity-attributes 2.4.0
	   |-- porting_lib_models 2.3.8+1.20.1
	   |    |-- porting_lib_core 2.3.8+1.20.1
	   |    |-- porting_lib_fluids 2.3.8+1.20.1
	   |    \-- porting_lib_model_loader 2.3.8+1.20.1
	   |-- porting_lib_networking 2.3.8+1.20.1
	   |    \-- porting_lib_core 2.3.8+1.20.1
	   |-- porting_lib_obj_loader 2.3.8+1.20.1
	   |    |-- porting_lib_core 2.3.8+1.20.1
	   |    \-- porting_lib_model_loader 2.3.8+1.20.1
	   |-- porting_lib_tags 3.0
	   |    \-- porting_lib_core 2.3.8+1.20.1
	   |-- porting_lib_tool_actions 2.3.8+1.20.1
	   |    \-- porting_lib_core 2.3.8+1.20.1
	   |-- porting_lib_transfer 2.3.8+1.20.1
	   |    |-- porting_lib_core 2.3.8+1.20.1
	   |    \-- porting_lib_fluids 2.3.8+1.20.1
	   |-- reach-entity-attributes 2.4.0
	   \-- registrate-fabric 1.3.79-MC1.20.1
	        |-- com_google_code_findbugs_jsr305 3.0.2
	        |-- porting_lib_data 2.1.1090+1.20
	        |    \-- porting_lib_gametest 2.1.1090+1.20
	        \-- porting_lib_model_generators 2.1.1090+1.20
	             |-- porting_lib_gametest 2.1.1090+1.20
	             \-- porting_lib_model_materials 2.1.1090+1.20
	- creeperoverhaul 3.0.2
	   \-- resourcefullib 2.1.20
	        |-- com_teamresourceful_bytecodecs 1.0.2
	        \-- com_teamresourceful_yabn 1.0.3
	- cristellib 1.1.5
	   \-- blue_endless_jankson 1.2.3
	- easyanvils 8.0.2
	- easymagic 8.0.1
	- easyshulkerboxes 8.0.2
	   \-- puzzlesapi 8.1.6
	        |-- cardinal-components-base 5.2.2
	        |-- cardinal-components-entity 5.2.2
	        \-- puzzlesaccessapi 8.0.9
	- fabric-api 0.92.3+1.20.1
	   |-- fabric-api-base 0.4.31+1802ada577
	   |-- fabric-api-lookup-api-v1 1.6.36+1802ada577
	   |-- fabric-biome-api-v1 13.0.13+1802ada577
	   |-- fabric-block-api-v1 1.0.11+1802ada577
	   |-- fabric-block-view-api-v2 1.0.1+1802ada577
	   |-- fabric-blockrenderlayer-v1 1.1.41+1802ada577
	   |-- fabric-client-tags-api-v1 1.1.2+1802ada577
	   |-- fabric-command-api-v1 1.2.34+f71b366f77
	   |-- fabric-command-api-v2 2.2.13+1802ada577
	   |-- fabric-commands-v0 0.2.51+df3654b377
	   |-- fabric-containers-v0 0.1.65+df3654b377
	   |-- fabric-content-registries-v0 4.0.12+1802ada577
	   |-- fabric-convention-tags-v1 1.5.5+1802ada577
	   |-- fabric-crash-report-info-v1 0.2.19+1802ada577
	   |-- fabric-data-attachment-api-v1 1.0.1+de0fd6d177
	   |-- fabric-data-generation-api-v1 12.3.5+1802ada577
	   |-- fabric-dimensions-v1 2.1.54+1802ada577
	   |-- fabric-entity-events-v1 1.6.0+1c78457f77
	   |-- fabric-events-interaction-v0 0.6.3+13a40c6677
	   |-- fabric-events-lifecycle-v0 0.2.63+df3654b377
	   |-- fabric-game-rule-api-v1 1.0.40+1802ada577
	   |-- fabric-item-api-v1 2.1.28+1802ada577
	   |-- fabric-item-group-api-v1 4.0.13+1802ada577
	   |-- fabric-key-binding-api-v1 1.0.37+1802ada577
	   |-- fabric-keybindings-v0 0.2.35+df3654b377
	   |-- fabric-lifecycle-events-v1 2.2.22+1802ada577
	   |-- fabric-loot-api-v2 1.2.2+1802ada577
	   |-- fabric-loot-tables-v1 1.1.46+9e7660c677
	   |-- fabric-message-api-v1 5.1.9+1802ada577
	   |-- fabric-mining-level-api-v1 2.1.51+1802ada577
	   |-- fabric-model-loading-api-v1 1.0.3+1802ada577
	   |-- fabric-models-v0 0.4.2+9386d8a777
	   |-- fabric-networking-api-v1 1.3.12+13a40c6677
	   |-- fabric-networking-v0 0.3.52+df3654b377
	   |-- fabric-object-builder-api-v1 11.1.4+1802ada577
	   |-- fabric-particles-v1 1.1.2+1802ada577
	   |-- fabric-recipe-api-v1 1.0.22+1802ada577
	   |-- fabric-registry-sync-v0 2.3.4+1802ada577
	   |-- fabric-renderer-api-v1 3.2.1+1802ada577
	   |-- fabric-renderer-indigo 1.5.2+85287f9f77
	   |-- fabric-renderer-registries-v1 3.2.46+df3654b377
	   |-- fabric-rendering-data-attachment-v1 0.3.37+92a0d36777
	   |-- fabric-rendering-fluids-v1 3.0.28+1802ada577
	   |-- fabric-rendering-v0 1.1.49+df3654b377
	   |-- fabric-rendering-v1 3.0.8+1802ada577
	   |-- fabric-resource-conditions-api-v1 2.3.8+1802ada577
	   |-- fabric-resource-loader-v0 0.11.11+fb82e9d777
	   |-- fabric-screen-api-v1 2.0.8+1802ada577
	   |-- fabric-screen-handler-api-v1 1.3.31+1802ada577
	   |-- fabric-sound-api-v1 1.0.13+1802ada577
	   |-- fabric-transfer-api-v1 3.3.5+8dd72ea377
	   \-- fabric-transitive-access-wideners-v1 4.3.1+1802ada577
	- fabricloader 0.16.3
	   \-- mixinextras 0.4.1
	- farmersdelight 1.20.1-2.2.5+refabricated
	   |-- mm 2.3
	   |-- porting_lib_accessors 2.3.8+1.20.1
	   |    \-- porting_lib_core 2.3.8+1.20.1
	   |-- porting_lib_base 2.3.8+1.20.1
	   |    |-- com_electronwill_night-config_core 3.6.6
	   |    |-- com_electronwill_night-config_toml 3.6.6
	   |    |-- porting_lib_attributes 2.3.8+1.20.1
	   |    |-- porting_lib_common 2.3.8+1.20.1
	   |    |-- porting_lib_core 2.3.8+1.20.1
	   |    |-- porting_lib_fluids 2.3.8+1.20.1
	   |    |-- porting_lib_gui_utils 2.3.8+1.20.1
	   |    |-- porting_lib_mixin_extensions 2.3.8+1.20.1
	   |    |-- porting_lib_utility 2.3.8+1.20.1
	   |    \-- reach-entity-attributes 2.4.0
	   |-- porting_lib_config 2.3.8+1.20.1
	   |    |-- com_electronwill_night-config_core 3.6.6
	   |    |-- com_electronwill_night-config_toml 3.6.6
	   |    \-- porting_lib_core 2.3.8+1.20.1
	   |-- porting_lib_lazy_registration 2.3.8+1.20.1
	   |    \-- porting_lib_core 2.3.8+1.20.1
	   |-- porting_lib_loot 2.3.8+1.20.1
	   |    \-- porting_lib_core 2.3.8+1.20.1
	   |-- porting_lib_networking 2.3.8+1.20.1
	   |    \-- porting_lib_core 2.3.8+1.20.1
	   |-- porting_lib_recipe_book_categories 2.3.8+1.20.1
	   |    \-- porting_lib_core 2.3.8+1.20.1
	   |-- porting_lib_tags 3.0
	   |    \-- porting_lib_core 2.3.8+1.20.1
	   \-- porting_lib_tool_actions 2.3.8+1.20.1
	        \-- porting_lib_core 2.3.8+1.20.1
	- geckolib 4.7
	   \-- com_eliotlash_mclib_mclib 20
	- ironchests 5.0.2
	- jade 11.8.0
	- java 17
	- jei 15.20.0.106
	- medieval_buildings 1.0.1
	- minecraft 1.20.1
	- mr_dungeons_andtaverns 3.0.3.f
	- naturalist 4.0.3
	- niftycarts 20.1.3
	- puzzleslib 8.1.25
	- resourcefulconfig 2.1.2
	- t_and_t 1.12
	- travelersbackpack 9.1.18
	   \-- reach-entity-attributes 2.4.0
	- voicechat 1.20.1-2.5.26
	   \-- fabric-key-binding-api-v1 1.0.36+fb8d95da82
	- xaerominimap 24.7.1
	- yungsapi 1.20-Fabric-4.0.6
	   \-- org_javassist_javassist 3.29.2-GA
[02:28:38] [main/INFO]: SpongePowered MIXIN Subsystem Version=0.8.7 Source=file:/workspaces/server-1.21.4/servidor_minecraft/libraries/net/fabricmc/sponge-mixin/0.15.2+mixin.0.8.7/sponge-mixin-0.15.2+mixin.0.8.7.jar Service=Knot/Fabric Env=SERVER
[02:28:39] [main/INFO]: Compatibility level set to JAVA_17
[02:28:41] [main/WARN]: Error loading class: net/minecraft/class_881 (java.lang.ClassNotFoundException: net/minecraft/class_881)
[02:28:41] [main/WARN]: @Mixin target net.minecraft.class_881 was not found porting_lib_base.mixins.json:client.BoatRendererMixin from mod porting_lib_base
[02:28:41] [main/WARN]: Error loading class: net/minecraft/class_525 (java.lang.ClassNotFoundException: net/minecraft/class_525)
[02:28:41] [main/WARN]: @Mixin target net.minecraft.class_525 was not found porting_lib_base.mixins.json:client.CreateWorldScreenMixin from mod porting_lib_base
[02:28:41] [main/WARN]: Error loading class: net/minecraft/class_906 (java.lang.ClassNotFoundException: net/minecraft/class_906)
[02:28:41] [main/WARN]: @Mixin target net.minecraft.class_906 was not found porting_lib_tool_actions.mixins.json:FishingHookRendererMixin from mod porting_lib_tool_actions
[02:28:42] [main/WARN]: Error loading class: io/wispforest/accessories/impl/AccessoriesEventHandler (java.lang.ClassNotFoundException: io/wispforest/accessories/impl/AccessoriesEventHandler)
[02:28:42] [main/WARN]: @Mixin target io.wispforest.accessories.impl.AccessoriesEventHandler was not found travelersbackpack.mixins.json:AccessoriesEventHandlerMixin from mod travelersbackpack
[02:28:42] [main/WARN]: Error loading class: net/minecraft/class_314 (java.lang.ClassNotFoundException: net/minecraft/class_314)
[02:28:42] [main/WARN]: @Mixin target net.minecraft.class_314 was not found mixins.mm.json:net.minecraft.class_314 from mod mm
[02:28:43] [main/INFO]: Initializing MixinExtras via com.llamalad7.mixinextras.service.MixinExtrasServiceImpl(version=0.4.1).
[02:29:03] [main/INFO]: Reflections took 156 ms to scan 1 urls, producing 1 keys and 3 values
[02:29:03] [main/INFO]: Reflections took 12 ms to scan 1 urls, producing 1 keys and 3 values
[02:29:03] [main/INFO]: Reflections took 2 ms to scan 1 urls, producing 1 keys and 2 values
[02:29:03] [main/INFO]: Reflections took 1 ms to scan 1 urls, producing 1 keys and 2 values
[02:29:03] [main/INFO]: Reflections took 8 ms to scan 1 urls, producing 1 keys and 1 values
[02:29:03] [main/INFO]: Reflections took 1 ms to scan 1 urls, producing 1 keys and 1 values
[02:29:03] [main/INFO]: Reflections took 2 ms to scan 1 urls, producing 1 keys and 2 values
[02:29:03] [main/INFO]: Reflections took 1 ms to scan 1 urls, producing 1 keys and 2 values
[02:29:03] [main/INFO]: Reflections took 5 ms to scan 1 urls, producing 1 keys and 2 values
[02:29:03] [main/INFO]: Reflections took 2 ms to scan 1 urls, producing 1 keys and 2 values
[02:29:11] [main/ERROR]: No data fixer registered for jungle_creeper
[02:29:11] [main/ERROR]: No data fixer registered for bamboo_creeper
[02:29:11] [main/ERROR]: No data fixer registered for desert_creeper
[02:29:11] [main/ERROR]: No data fixer registered for badlands_creeper
[02:29:11] [main/ERROR]: No data fixer registered for hills_creeper
[02:29:11] [main/ERROR]: No data fixer registered for savannah_creeper
[02:29:11] [main/ERROR]: No data fixer registered for mushroom_creeper
[02:29:11] [main/ERROR]: No data fixer registered for swamp_creeper
[02:29:11] [main/ERROR]: No data fixer registered for dripstone_creeper
[02:29:11] [main/ERROR]: No data fixer registered for cave_creeper
[02:29:11] [main/ERROR]: No data fixer registered for dark_oak_creeper
[02:29:11] [main/ERROR]: No data fixer registered for spruce_creeper
[02:29:11] [main/ERROR]: No data fixer registered for beach_creeper
[02:29:11] [main/ERROR]: No data fixer registered for snowy_creeper
[02:29:11] [main/ERROR]: No data fixer registered for ocean_creeper
[02:29:11] [main/INFO]: Constructing common components for easyanvils:main
[02:29:11] [main/INFO]: Constructing common components for easymagic:main
[02:29:11] [main/INFO]: Constructing common components for easyshulkerboxes:main
[02:29:12] [main/ERROR]: No data fixer registered for rotten_tomato
[02:29:12] [main/INFO]: Definitely not up to no good
[02:29:13] [main/INFO]: Constructing common components for puzzlesapi:iteminteractions
[02:29:13] [main/INFO]: Constructing common components for puzzlesapi:slotcycling
[02:29:13] [main/INFO]: Constructing common components for puzzlesapi:limitlesscontainers
[02:29:13] [main/INFO]: Constructing common components for puzzlesapi:statues
[02:29:13] [main/INFO]: Constructing common components for puzzleslib:main
[02:29:13] [main/ERROR]: No data fixer registered for 
[02:29:14] [main/INFO]: Registered the FluidEffect with Unique ID of minecraft:water for minecraft:water 81000 with the ID 0
[02:29:14] [main/INFO]: Registered the FluidEffect with Unique ID of minecraft:lava for minecraft:lava 81000 with the ID 1
[02:29:14] [main/INFO]: Registered the FluidEffect with Unique ID of travelersbackpack:potion for travelersbackpack:potion_still 27000 with the ID 2
[02:29:14] [main/INFO]: Registered the FluidEffect with Unique ID of travelersbackpack:milk for travelersbackpack:milk_still 81000 with the ID 3
[02:29:14] [main/INFO]: [voicechat] Compatibility version 18
[02:29:14] [main/INFO]: [voicechat] Loading plugins
[02:29:14] [main/INFO]: [voicechat] Loaded 0 plugin(s)
[02:29:14] [main/INFO]: [voicechat] Initializing plugins
[02:29:14] [main/INFO]: [voicechat] Initialized 0 plugin(s)
[02:29:14] [main/INFO]: Reflections took 23 ms to scan 1 urls, producing 1 keys and 4 values
[02:29:14] [main/INFO]: Reflections took 11 ms to scan 1 urls, producing 1 keys and 4 values
[02:29:14] [main/INFO]: Loading Xaero's Minimap - Stage 1/2 (Server)
[02:29:14] [main/INFO]: Environment: authHost='https://authserver.mojang.com', accountsHost='https://api.mojang.com', sessionHost='https://sessionserver.mojang.com', servicesHost='https://api.minecraftservices.com', name='PROD'
[02:29:21] [main/INFO]: [fabric-registry-sync] Loaded registry data [file 1/4]
[02:29:25] [main/INFO]: Loaded 24 recipes
[02:29:26] [main/INFO]: Loaded 2678 advancements
[02:29:29] [main/INFO]: Applied 682 biome modifications to 58 of 64 new biomes in 117.3 ms
[02:29:29] [Server thread/INFO]: Loading server config for easyanvils
[02:29:29] [Thread-2/INFO]: Reloading server config for easyanvils
[02:29:29] [Thread-2/INFO]: Reloading server config for easyanvils
[02:29:29] [Server thread/INFO]: Loading server config for easymagic
[02:29:29] [Thread-2/INFO]: Reloading server config for easymagic
[02:29:29] [Thread-2/INFO]: Reloading server config for easymagic
[02:29:29] [Server thread/INFO]: Loading server config for puzzlesapi
[02:29:29] [Thread-2/INFO]: Reloading server config for puzzlesapi
[02:29:29] [Thread-2/INFO]: Reloading server config for puzzlesapi
[02:29:30] [Server thread/INFO]: Starting minecraft server version 1.20.1
[02:29:30] [Server thread/INFO]: Loading properties
[02:29:30] [Server thread/INFO]: Default game type: SURVIVAL
[02:29:30] [Server thread/INFO]: Generating keypair
[02:29:30] [Server thread/INFO]: Starting Minecraft server on *:25565
[02:29:30] [Server thread/INFO]: Using epoll channel type
[02:29:30] [Server thread/WARN]: **** SERVER IS RUNNING IN OFFLINE/INSECURE MODE!
[02:29:30] [Server thread/WARN]: The server will make no attempt to authenticate usernames. Beware.
[02:29:30] [Server thread/WARN]: While this makes the game possible to play without internet access, it also opens up the ability for hackers to connect with any username they choose.
[02:29:30] [Server thread/WARN]: To change this, set "online-mode" to "true" in the server.properties file.
[02:29:30] [Server thread/INFO]: Preparing level "world"
[02:29:40] [Server thread/INFO]: Preparing start region for dimension minecraft:overworld
[02:29:55] [Worker-Main-1/INFO]: Preparing spawn area: 0%
[02:29:55] [Worker-Main-1/INFO]: Preparing spawn area: 0%
[02:29:55] [Worker-Main-1/INFO]: Preparing spawn area: 0%
[02:29:55] [Worker-Main-1/INFO]: Preparing spawn area: 0%
[02:29:59] [Worker-Main-1/INFO]: Preparing spawn area: 0%
[02:29:59] [Worker-Main-1/INFO]: Preparing spawn area: 0%
[02:29:59] [Worker-Main-1/INFO]: Preparing spawn area: 0%
[02:29:59] [Worker-Main-1/INFO]: Preparing spawn area: 0%
[02:29:59] [Worker-Main-1/INFO]: Preparing spawn area: 0%
[02:29:59] [Worker-Main-1/INFO]: Preparing spawn area: 0%
[02:29:59] [Worker-Main-1/INFO]: Preparing spawn area: 0%
[02:29:59] [Worker-Main-1/INFO]: Preparing spawn area: 0%
[02:29:59] [Worker-Main-1/INFO]: Preparing spawn area: 0%
[02:29:59] [Worker-Main-1/INFO]: Preparing spawn area: 0%
[02:29:59] [Worker-Main-1/INFO]: Preparing spawn area: 0%
[02:29:59] [Worker-Main-1/INFO]: Preparing spawn area: 0%
[02:29:59] [Worker-Main-1/INFO]: Preparing spawn area: 0%
[02:29:59] [Worker-Main-1/INFO]: Preparing spawn area: 0%
[02:29:59] [Worker-Main-1/INFO]: Preparing spawn area: 0%
[02:29:59] [Worker-Main-1/INFO]: Preparing spawn area: 0%
[02:29:59] [Worker-Main-1/INFO]: Preparing spawn area: 0%
[02:29:59] [Worker-Main-1/INFO]: Preparing spawn area: 0%
[02:29:59] [Worker-Main-1/INFO]: Preparing spawn area: 0%
[02:29:59] [Worker-Main-1/INFO]: Preparing spawn area: 0%
[02:29:59] [Worker-Main-1/INFO]: Preparing spawn area: 0%
[02:29:59] [Worker-Main-1/INFO]: Preparing spawn area: 0%
[02:29:59] [Worker-Main-1/INFO]: Preparing spawn area: 0%
[02:29:59] [Worker-Main-1/INFO]: Preparing spawn area: 0%
[02:29:59] [Worker-Main-1/INFO]: Preparing spawn area: 0%
[02:29:59] [Worker-Main-1/INFO]: Preparing spawn area: 0%
[02:29:59] [Worker-Main-1/INFO]: Preparing spawn area: 0%
[02:29:59] [Worker-Main-1/INFO]: Preparing spawn area: 0%
[02:29:59] [Worker-Main-1/INFO]: Preparing spawn area: 0%
[02:29:59] [Worker-Main-1/INFO]: Preparing spawn area: 0%
[02:29:59] [Worker-Main-1/INFO]: Preparing spawn area: 0%
[02:29:59] [Worker-Main-1/INFO]: Preparing spawn area: 0%
[02:29:59] [Worker-Main-1/INFO]: Preparing spawn area: 0%
[02:29:59] [Worker-Main-1/INFO]: Preparing spawn area: 0%
[02:29:59] [Worker-Main-1/INFO]: Preparing spawn area: 0%
[02:29:59] [Worker-Main-1/INFO]: Preparing spawn area: 0%
[02:30:00] [Worker-Main-1/INFO]: Preparing spawn area: 0%
[02:30:00] [Worker-Main-1/INFO]: Preparing spawn area: 0%
[02:30:01] [Worker-Main-1/INFO]: Preparing spawn area: 0%
[02:30:01] [Worker-Main-1/INFO]: Preparing spawn area: 0%
[02:30:02] [Worker-Main-1/INFO]: Preparing spawn area: 0%
[02:30:02] [Worker-Main-1/INFO]: Preparing spawn area: 6%
[02:30:03] [Server thread/INFO]: Time elapsed: 23011 ms
[02:30:03] [Server thread/INFO]: Done (32.447s)! For help, type "help"
[02:30:03] [Server thread/INFO]: Start loading plugin from Jade
[02:30:03] [Server thread/INFO]: Start loading plugin from Jade
[02:30:03] [Server thread/INFO]: Start loading plugin from Jade
[02:30:03] [Server thread/WARN]: [voicechat] Running in offline mode - Voice chat encryption is not secure!
[02:30:03] [Server thread/INFO]: Loading Xaero's Minimap - Stage 2/2 (Server)
[02:30:03] [VoiceChatServerThread/INFO]: [voicechat] Voice chat server started at port 24454
[02:30:10] [Server thread/INFO]: Jmat_2[/127.31.58.135:43237] logged in with entity id 14 at (-280.9636164942831, 63.0, 303.3063498230026)
[02:30:10] [Server thread/INFO]: Syncing config to Jmat_2 (aa041a49-55e8-36c1-a043-9b0d5d029f32)
[02:30:10] [Server thread/INFO]: Loading config from file...
[02:30:11] [Server thread/INFO]: Jmat_2 joined the game
[02:30:14] [Server thread/INFO]: [voicechat] Received secret request of Jmat_2 (18)
[02:30:14] [Server thread/INFO]: [voicechat] Sent secret to Jmat_2
[02:30:14] [Server thread/WARN]: Can't keep up! Is the server overloaded? Running 3950ms or 79 ticks behind
[02:30:28] [Server thread/INFO]: Maycol_27x[/127.96.249.116:33479] logged in with entity id 326 at (-3528.32803128299, 63.0, -2282.352650586604)
[02:30:28] [Server thread/INFO]: Syncing config to Maycol_27x (f7c0418f-009a-36ed-9047-607267bfc6b7)
[02:30:28] [Server thread/INFO]: Loading config from file...
[02:30:28] [Server thread/INFO]: Maycol_27x joined the game
[02:30:33] [Server thread/INFO]: [voicechat] Received secret request of Maycol_27x (18)
[02:30:33] [Server thread/INFO]: [voicechat] Sent secret to Maycol_27x
[02:30:35] [Server thread/INFO]: Mohamed_la_punta[/127.89.98.181:48971] logged in with entity id 393 at (-206.23750001192093, 75.0, 253.03206901102695)
[02:30:35] [Server thread/INFO]: Syncing config to Mohamed_la_punta (8af7dfad-16ec-3161-9b83-c4e7fba272ef)
[02:30:35] [Server thread/INFO]: Loading config from file...
[02:30:35] [Server thread/INFO]: Mohamed_la_punta joined the game
[02:30:36] [Server thread/INFO]: [voicechat] Received secret request of Mohamed_la_punta (18)
[02:30:36] [Server thread/INFO]: [voicechat] Sent secret to Mohamed_la_punta
[02:30:42] [Netty Epoll Server IO #1/ERROR]: Exception occurred in netty pipeline
io.netty.handler.timeout.ReadTimeoutException: null
[02:30:56] [Server thread/INFO]: vGodbridger[/127.194.163.136:53411] logged in with entity id 648 at (220.6450322672987, -45.0, 1089.0681107654495)
[02:30:56] [Server thread/INFO]: Syncing config to vGodbridger (a077d1a3-2034-3e39-ac7d-62c04a048b38)
[02:30:56] [Server thread/INFO]: Loading config from file...
[02:30:56] [Server thread/INFO]: vGodbridger joined the game
[02:31:02] [Server thread/INFO]: [voicechat] Received secret request of vGodbridger (18)
[02:31:02] [Server thread/INFO]: [voicechat] Sent secret to vGodbridger
[02:31:03] [Server thread/WARN]: Can't keep up! Is the server overloaded? Running 34115ms or 682 ticks behind
[02:31:36] [Server thread/WARN]: Can't keep up! Is the server overloaded? Running 17838ms or 356 ticks behind
[02:32:55] [Server thread/WARN]: UUID of added entity already exists: class_1463['Rabbit'/1917, l='ServerLevel[world]', x=-3487.20, y=103.31, z=-2784.41]
[02:34:11] [Server thread/WARN]: Can't keep up! Is the server overloaded? Running 2033ms or 40 ticks behind
[02:34:40] [Server thread/WARN]: UUID of added entity already exists: class_1472['Sheep'/3968, l='ServerLevel[world]', x=-3856.06, y=95.00, z=-2940.12]
[02:34:40] [Server thread/WARN]: UUID of added entity already exists: class_1452['Pig'/3969, l='ServerLevel[world]', x=-3856.06, y=109.00, z=-3087.00]
[02:35:44] [Server thread/WARN]: Can't keep up! Is the server overloaded? Running 2014ms or 40 ticks behind
[02:36:06] [Server thread/WARN]: Can't keep up! Is the server overloaded? Running 6544ms or 130 ticks behind
[02:37:49] [Server thread/INFO]: Maycol_27x has made the advancement [We Need to Go Deeper]
[02:37:55] [Server thread/WARN]: Jmat_2 moved too quickly! -2.9080352595059367,1.2491870787446828,-9.570874684104808
[02:37:55] [Server thread/WARN]: Can't keep up! Is the server overloaded? Running 10908ms or 218 ticks behind
[02:37:55] [Server thread/WARN]: Mohamed_la_punta moved too quickly! -9.289023319333637,2.975575911786308,-3.153784476035298
[02:38:10] [Server thread/WARN]: Jmat_2 moved too quickly! -0.25508069276014567,0.9247991098810502,-10.107850015678451
[02:38:17] [Server thread/WARN]: Can't keep up! Is the server overloaded? Running 6724ms or 134 ticks behind
